# JRE version: OpenJDK Runtime Environment (8.0_242) (build 1.8.0_242-release-1644-b3-6222593)
# Java VM: OpenJDK 64-Bit Server VM (25.242-b3-6222593 mixed mode linux-amd64 compressed oops)
Heap:
 PSYoungGen      total 440832K, used 0K [0x00000000d5580000, 0x00000000f5a80000, 0x0000000100000000)
  eden space 355328K, 0% used [0x00000000d5580000,0x00000000d5580000,0x00000000eb080000)
  from space 85504K, 0% used [0x00000000f0300000,0x00000000f0300000,0x00000000f5680000)
  to   space 84480K, 0% used [0x00000000eb080000,0x00000000eb080000,0x00000000f0300000)
 ParOldGen       total 298496K, used 200838K [0x0000000080000000, 0x0000000092380000, 0x00000000d5580000)
  object space 298496K, 67% used [0x0000000080000000,0x000000008c4219c8,0x0000000092380000)
 Metaspace       used 80311K, capacity 83366K, committed 84760K, reserved 1122304K
  class space    used 10769K, capacity 11451K, committed 11816K, reserved 1048576K
GC Heap History (10 events):
Event: 8,891 GC heap after
Heap after GC invocations=17 (full 3):
 PSYoungGen      total 258048K, used 41464K [0x00000000d5580000, 0x00000000eb800000, 0x0000000100000000)
  eden space 216576K, 0% used [0x00000000d5580000,0x00000000d5580000,0x00000000e2900000)
  from space 41472K, 99% used [0x00000000e6280000,0x00000000e8afe3b0,0x00000000e8b00000)
  to   space 58880K, 0% used [0x00000000e2900000,0x00000000e2900000,0x00000000e6280000)
 ParOldGen       total 298496K, used 95062K [0x0000000080000000, 0x0000000092380000, 0x00000000d5580000)
  object space 298496K, 31% used [0x0000000080000000,0x0000000085cd5ac0,0x0000000092380000)
 Metaspace       used 74545K, capacity 77592K, committed 77848K, reserved 1116160K
  class space    used 10023K, capacity 10728K, committed 10792K, reserved 1048576K
}
Event: 9,308 GC heap before
{Heap before GC invocations=18 (full 3):
 PSYoungGen      total 258048K, used 258040K [0x00000000d5580000, 0x00000000eb800000, 0x0000000100000000)
  eden space 216576K, 100% used [0x00000000d5580000,0x00000000e2900000,0x00000000e2900000)
  from space 41472K, 99% used [0x00000000e6280000,0x00000000e8afe3b0,0x00000000e8b00000)
  to   space 58880K, 0% used [0x00000000e2900000,0x00000000e2900000,0x00000000e6280000)
 ParOldGen       total 298496K, used 95062K [0x0000000080000000, 0x0000000092380000, 0x00000000d5580000)
  object space 298496K, 31% used [0x0000000080000000,0x0000000085cd5ac0,0x0000000092380000)
 Metaspace       used 79516K, capacity 83090K, committed 83224K, reserved 1120256K
  class space    used 10798K, capacity 11547K, committed 11560K, reserved 1048576K
Event: 9,340 GC heap after
Heap after GC invocations=18 (full 3):
 PSYoungGen      total 275456K, used 58871K [0x00000000d5580000, 0x00000000efd00000, 0x0000000100000000)
  eden space 216576K, 0% used [0x00000000d5580000,0x00000000d5580000,0x00000000e2900000)
  from space 58880K, 99% used [0x00000000e2900000,0x00000000e627de78,0x00000000e6280000)
  to   space 77312K, 0% used [0x00000000eb180000,0x00000000eb180000,0x00000000efd00000)
 ParOldGen       total 298496K, used 119424K [0x0000000080000000, 0x0000000092380000, 0x00000000d5580000)
  object space 298496K, 40% used [0x0000000080000000,0x00000000874a03b8,0x0000000092380000)
 Metaspace       used 79516K, capacity 83090K, committed 83224K, reserved 1120256K
  class space    used 10798K, capacity 11547K, committed 11560K, reserved 1048576K
}
Event: 9,583 GC heap before
{Heap before GC invocations=19 (full 3):
 PSYoungGen      total 275456K, used 275389K [0x00000000d5580000, 0x00000000efd00000, 0x0000000100000000)
  eden space 216576K, 99% used [0x00000000d5580000,0x00000000e28f16e8,0x00000000e2900000)
  from space 58880K, 99% used [0x00000000e2900000,0x00000000e627de78,0x00000000e6280000)
  to   space 77312K, 0% used [0x00000000eb180000,0x00000000eb180000,0x00000000efd00000)
 ParOldGen       total 298496K, used 119424K [0x0000000080000000, 0x0000000092380000, 0x00000000d5580000)
  object space 298496K, 40% used [0x0000000080000000,0x00000000874a03b8,0x0000000092380000)
 Metaspace       used 80130K, capacity 83866K, committed 84120K, reserved 1122304K
  class space    used 10899K, capacity 11659K, committed 11688K, reserved 1048576K
Event: 9,633 GC heap after
Heap after GC invocations=19 (full 3):
 PSYoungGen      total 351232K, used 57101K [0x00000000d5580000, 0x00000000f1900000, 0x0000000100000000)
  eden space 273920K, 0% used [0x00000000d5580000,0x00000000d5580000,0x00000000e6100000)
  from space 77312K, 73% used [0x00000000eb180000,0x00000000ee943690,0x00000000efd00000)
  to   space 82432K, 0% used [0x00000000e6100000,0x00000000e6100000,0x00000000eb180000)
 ParOldGen       total 298496K, used 144987K [0x0000000080000000, 0x0000000092380000, 0x00000000d5580000)
  object space 298496K, 48% used [0x0000000080000000,0x0000000088d96c68,0x0000000092380000)
 Metaspace       used 80130K, capacity 83866K, committed 84120K, reserved 1122304K
  class space    used 10899K, capacity 11659K, committed 11688K, reserved 1048576K
}
Event: 9,925 GC heap before
{Heap before GC invocations=20 (full 3):
 PSYoungGen      total 351232K, used 331021K [0x00000000d5580000, 0x00000000f1900000, 0x0000000100000000)
  eden space 273920K, 100% used [0x00000000d5580000,0x00000000e6100000,0x00000000e6100000)
  from space 77312K, 73% used [0x00000000eb180000,0x00000000ee943690,0x00000000efd00000)
  to   space 82432K, 0% used [0x00000000e6100000,0x00000000e6100000,0x00000000eb180000)
 ParOldGen       total 298496K, used 144987K [0x0000000080000000, 0x0000000092380000, 0x00000000d5580000)
  object space 298496K, 48% used [0x0000000080000000,0x0000000088d96c68,0x0000000092380000)
 Metaspace       used 80310K, capacity 84024K, committed 84120K, reserved 1122304K
  class space    used 10899K, capacity 11660K, committed 11688K, reserved 1048576K
Event: 10,031 GC heap after
Heap after GC invocations=20 (full 3):
 PSYoungGen      total 356352K, used 54959K [0x00000000d5580000, 0x00000000f5680000, 0x0000000100000000)
  eden space 273920K, 0% used [0x00000000d5580000,0x00000000d5580000,0x00000000e6100000)
  from space 82432K, 66% used [0x00000000e6100000,0x00000000e96abc68,0x00000000eb180000)
  to   space 85504K, 0% used [0x00000000f0300000,0x00000000f0300000,0x00000000f5680000)
 ParOldGen       total 298496K, used 196439K [0x0000000080000000, 0x0000000092380000, 0x00000000d5580000)
  object space 298496K, 65% used [0x0000000080000000,0x000000008bfd5d68,0x0000000092380000)
 Metaspace       used 80310K, capacity 84024K, committed 84120K, reserved 1122304K
  class space    used 10899K, capacity 11660K, committed 11688K, reserved 1048576K
}
Event: 10,422 GC heap before
{Heap before GC invocations=21 (full 3):
 PSYoungGen      total 356352K, used 328792K [0x00000000d5580000, 0x00000000f5680000, 0x0000000100000000)
  eden space 273920K, 99% used [0x00000000d5580000,0x00000000e60ea418,0x00000000e6100000)
  from space 82432K, 66% used [0x00000000e6100000,0x00000000e96abc68,0x00000000eb180000)
  to   space 85504K, 0% used [0x00000000f0300000,0x00000000f0300000,0x00000000f5680000)
 ParOldGen       total 298496K, used 196439K [0x0000000080000000, 0x0000000092380000, 0x00000000d5580000)
  object space 298496K, 65% used [0x0000000080000000,0x000000008bfd5d68,0x0000000092380000)
 Metaspace       used 80738K, capacity 84538K, committed 84760K, reserved 1122304K
  class space    used 10910K, capacity 11695K, committed 11816K, reserved 1048576K
Event: 10,595 GC heap after
Heap after GC invocations=21 (full 3):
 PSYoungGen      total 440832K, used 12677K [0x00000000d5580000, 0x00000000f5a80000, 0x0000000100000000)
  eden space 355328K, 0% used [0x00000000d5580000,0x00000000d5580000,0x00000000eb080000)
  from space 85504K, 14% used [0x00000000f0300000,0x00000000f0f616f0,0x00000000f5680000)
  to   space 84480K, 0% used [0x00000000eb080000,0x00000000eb080000,0x00000000f0300000)
 ParOldGen       total 298496K, used 249982K [0x0000000080000000, 0x0000000092380000, 0x00000000d5580000)
  object space 298496K, 83% used [0x0000000080000000,0x000000008f41fb98,0x0000000092380000)
 Metaspace       used 80738K, capacity 84538K, committed 84760K, reserved 1122304K
  class space    used 10910K, capacity 11695K, committed 11816K, reserved 1048576K
}
Event: 10,596 GC heap before
{Heap before GC invocations=22 (full 4):
 PSYoungGen      total 440832K, used 12677K [0x00000000d5580000, 0x00000000f5a80000, 0x0000000100000000)
  eden space 355328K, 0% used [0x00000000d5580000,0x00000000d5580000,0x00000000eb080000)
  from space 85504K, 14% used [0x00000000f0300000,0x00000000f0f616f0,0x00000000f5680000)
  to   space 84480K, 0% used [0x00000000eb080000,0x00000000eb080000,0x00000000f0300000)
 ParOldGen       total 298496K, used 249982K [0x0000000080000000, 0x0000000092380000, 0x00000000d5580000)
  object space 298496K, 83% used [0x0000000080000000,0x000000008f41fb98,0x0000000092380000)
 Metaspace       used 80738K, capacity 84538K, committed 84760K, reserved 1122304K
  class space    used 10910K, capacity 11695K, committed 11816K, reserved 1048576K

